mode: set
github.com/arryved/app-ctrl/worker/app-control-worker.go:18.13,27.16 6 0
github.com/arryved/app-ctrl/worker/app-control-worker.go:27.16,30.3 2 0
github.com/arryved/app-ctrl/worker/app-control-worker.go:30.8,32.3 1 0
github.com/arryved/app-ctrl/worker/app-control-worker.go:34.2,35.16 2 0
github.com/arryved/app-ctrl/worker/app-control-worker.go:35.16,38.13 3 0
github.com/arryved/app-ctrl/worker/app-control-worker.go:40.2,47.16 3 0
github.com/arryved/app-ctrl/worker/config/config.go:30.32,31.28 1 0
github.com/arryved/app-ctrl/worker/config/config.go:31.28,33.3 1 0
github.com/arryved/app-ctrl/worker/config/config.go:34.2,34.31 1 0
github.com/arryved/app-ctrl/worker/config/config.go:34.31,36.3 1 0
github.com/arryved/app-ctrl/worker/config/config.go:37.2,37.32 1 0
github.com/arryved/app-ctrl/worker/config/config.go:37.32,39.3 1 0
github.com/arryved/app-ctrl/worker/config/config.go:40.2,40.22 1 0
github.com/arryved/app-ctrl/worker/config/config.go:40.22,42.3 1 0
github.com/arryved/app-ctrl/worker/config/config.go:43.2,43.28 1 0
github.com/arryved/app-ctrl/worker/config/config.go:43.28,45.3 1 0
github.com/arryved/app-ctrl/worker/config/config.go:46.2,46.26 1 0
github.com/arryved/app-ctrl/worker/config/config.go:46.26,48.3 1 0
github.com/arryved/app-ctrl/worker/config/config.go:49.2,49.28 1 0
github.com/arryved/app-ctrl/worker/config/config.go:53.46,55.16 2 0
github.com/arryved/app-ctrl/worker/config/config.go:55.16,58.3 2 0
github.com/arryved/app-ctrl/worker/config/config.go:60.2,61.16 2 0
github.com/arryved/app-ctrl/worker/config/config.go:61.16,64.3 2 0
github.com/arryved/app-ctrl/worker/config/config.go:66.2,66.60 1 0
github.com/arryved/app-ctrl/worker/config/config.go:71.38,78.2 4 0
github.com/arryved/app-ctrl/worker/config/config.go:30.32,31.28 1 1
github.com/arryved/app-ctrl/worker/config/config.go:31.28,33.3 1 1
github.com/arryved/app-ctrl/worker/config/config.go:34.2,34.31 1 1
github.com/arryved/app-ctrl/worker/config/config.go:34.31,36.3 1 1
github.com/arryved/app-ctrl/worker/config/config.go:37.2,37.32 1 1
github.com/arryved/app-ctrl/worker/config/config.go:37.32,39.3 1 1
github.com/arryved/app-ctrl/worker/config/config.go:40.2,40.22 1 1
github.com/arryved/app-ctrl/worker/config/config.go:40.22,42.3 1 0
github.com/arryved/app-ctrl/worker/config/config.go:43.2,43.28 1 1
github.com/arryved/app-ctrl/worker/config/config.go:43.28,45.3 1 0
github.com/arryved/app-ctrl/worker/config/config.go:46.2,46.26 1 1
github.com/arryved/app-ctrl/worker/config/config.go:46.26,48.3 1 1
github.com/arryved/app-ctrl/worker/config/config.go:49.2,49.28 1 1
github.com/arryved/app-ctrl/worker/config/config.go:53.46,55.16 2 1
github.com/arryved/app-ctrl/worker/config/config.go:55.16,58.3 2 0
github.com/arryved/app-ctrl/worker/config/config.go:60.2,61.16 2 1
github.com/arryved/app-ctrl/worker/config/config.go:61.16,64.3 2 0
github.com/arryved/app-ctrl/worker/config/config.go:66.2,66.60 1 1
github.com/arryved/app-ctrl/worker/config/config.go:71.38,78.2 4 1
github.com/arryved/app-ctrl/worker/worker/worker.go:23.26,26.2 1 0
github.com/arryved/app-ctrl/worker/worker/worker.go:28.65,29.20 1 1
github.com/arryved/app-ctrl/worker/worker/worker.go:30.16,31.33 1 1
github.com/arryved/app-ctrl/worker/worker/worker.go:33.10,36.30 3 0
github.com/arryved/app-ctrl/worker/worker/worker.go:40.71,42.17 2 1
github.com/arryved/app-ctrl/worker/worker/worker.go:43.13,44.36 1 0
github.com/arryved/app-ctrl/worker/worker/worker.go:45.13,46.36 1 1
github.com/arryved/app-ctrl/worker/worker/worker.go:47.10,50.30 3 0
github.com/arryved/app-ctrl/worker/worker/worker.go:54.74,59.2 1 0
github.com/arryved/app-ctrl/worker/worker/worker.go:61.74,75.2 2 1
github.com/arryved/app-ctrl/worker/worker/worker.go:77.61,83.2 2 1
