mode: set
github.com/arryved/app-ctrl/worker/app-control-worker.go:19.13,28.16 6 0
github.com/arryved/app-ctrl/worker/app-control-worker.go:28.16,31.3 2 0
github.com/arryved/app-ctrl/worker/app-control-worker.go:31.8,33.3 1 0
github.com/arryved/app-ctrl/worker/app-control-worker.go:36.2,37.16 2 0
github.com/arryved/app-ctrl/worker/app-control-worker.go:37.16,39.3 1 0
github.com/arryved/app-ctrl/worker/app-control-worker.go:40.2,41.16 2 0
github.com/arryved/app-ctrl/worker/app-control-worker.go:41.16,44.13 3 0
github.com/arryved/app-ctrl/worker/app-control-worker.go:46.2,53.16 3 0
github.com/arryved/app-ctrl/worker/config/config.go:36.32,37.28 1 0
github.com/arryved/app-ctrl/worker/config/config.go:37.28,39.3 1 0
github.com/arryved/app-ctrl/worker/config/config.go:40.2,40.31 1 0
github.com/arryved/app-ctrl/worker/config/config.go:40.31,42.3 1 0
github.com/arryved/app-ctrl/worker/config/config.go:43.2,43.32 1 0
github.com/arryved/app-ctrl/worker/config/config.go:43.32,45.3 1 0
github.com/arryved/app-ctrl/worker/config/config.go:46.2,46.22 1 0
github.com/arryved/app-ctrl/worker/config/config.go:46.22,48.3 1 0
github.com/arryved/app-ctrl/worker/config/config.go:49.2,49.28 1 0
github.com/arryved/app-ctrl/worker/config/config.go:49.28,51.3 1 0
github.com/arryved/app-ctrl/worker/config/config.go:52.2,52.26 1 0
github.com/arryved/app-ctrl/worker/config/config.go:52.26,54.3 1 0
github.com/arryved/app-ctrl/worker/config/config.go:55.2,55.35 1 0
github.com/arryved/app-ctrl/worker/config/config.go:55.35,57.3 1 0
github.com/arryved/app-ctrl/worker/config/config.go:58.2,58.28 1 0
github.com/arryved/app-ctrl/worker/config/config.go:62.46,64.16 2 0
github.com/arryved/app-ctrl/worker/config/config.go:64.16,67.3 2 0
github.com/arryved/app-ctrl/worker/config/config.go:69.2,70.16 2 0
github.com/arryved/app-ctrl/worker/config/config.go:70.16,73.3 2 0
github.com/arryved/app-ctrl/worker/config/config.go:75.2,75.60 1 0
github.com/arryved/app-ctrl/worker/config/config.go:80.38,87.2 4 0
github.com/arryved/app-ctrl/worker/gke/kube.go:25.59,28.16 2 0
github.com/arryved/app-ctrl/worker/gke/kube.go:28.16,30.3 1 0
github.com/arryved/app-ctrl/worker/gke/kube.go:31.2,34.29 3 0
github.com/arryved/app-ctrl/worker/gke/kube.go:34.29,36.49 2 0
github.com/arryved/app-ctrl/worker/gke/kube.go:36.49,39.18 2 0
github.com/arryved/app-ctrl/worker/gke/kube.go:39.18,43.5 3 0
github.com/arryved/app-ctrl/worker/gke/kube.go:45.4,49.18 5 0
github.com/arryved/app-ctrl/worker/gke/kube.go:49.18,53.5 3 0
github.com/arryved/app-ctrl/worker/gke/kube.go:54.4,55.59 2 0
github.com/arryved/app-ctrl/worker/gke/kube.go:55.59,57.5 1 0
github.com/arryved/app-ctrl/worker/gke/kube.go:60.2,61.19 2 0
github.com/arryved/app-ctrl/worker/gke/kube.go:64.80,69.16 3 0
github.com/arryved/app-ctrl/worker/gke/kube.go:69.16,73.3 3 0
github.com/arryved/app-ctrl/worker/gke/kube.go:74.2,83.16 6 0
github.com/arryved/app-ctrl/worker/gke/kube.go:83.16,85.49 2 0
github.com/arryved/app-ctrl/worker/gke/kube.go:85.49,89.18 3 0
github.com/arryved/app-ctrl/worker/gke/kube.go:89.18,91.5 1 0
github.com/arryved/app-ctrl/worker/gke/kube.go:92.4,92.72 1 0
github.com/arryved/app-ctrl/worker/gke/kube.go:93.9,97.4 3 0
github.com/arryved/app-ctrl/worker/gke/kube.go:98.8,102.17 3 0
github.com/arryved/app-ctrl/worker/gke/kube.go:102.17,106.4 3 0
github.com/arryved/app-ctrl/worker/gke/kube.go:107.3,112.17 5 0
github.com/arryved/app-ctrl/worker/gke/kube.go:112.17,116.4 3 0
github.com/arryved/app-ctrl/worker/gke/kube.go:117.3,117.86 1 0
github.com/arryved/app-ctrl/worker/gke/kube.go:121.2,128.6 6 0
github.com/arryved/app-ctrl/worker/gke/kube.go:128.6,129.10 1 0
github.com/arryved/app-ctrl/worker/gke/kube.go:130.21,133.14 3 0
github.com/arryved/app-ctrl/worker/gke/kube.go:134.19,136.18 2 0
github.com/arryved/app-ctrl/worker/gke/kube.go:136.18,140.5 3 0
github.com/arryved/app-ctrl/worker/gke/kube.go:141.4,141.21 1 0
github.com/arryved/app-ctrl/worker/gke/kube.go:141.21,144.5 2 0
github.com/arryved/app-ctrl/worker/gke/kube.go:145.4,145.56 1 0
github.com/arryved/app-ctrl/worker/gke/kube.go:150.93,155.16 3 0
github.com/arryved/app-ctrl/worker/gke/kube.go:155.16,157.3 1 0
github.com/arryved/app-ctrl/worker/gke/kube.go:158.2,161.39 3 0
github.com/arryved/app-ctrl/worker/gke/kube.go:161.39,164.61 3 0
github.com/arryved/app-ctrl/worker/gke/kube.go:164.61,166.4 1 0
github.com/arryved/app-ctrl/worker/gke/kube.go:168.2,168.19 1 0
github.com/arryved/app-ctrl/worker/gke/kube.go:171.76,175.16 2 0
github.com/arryved/app-ctrl/worker/gke/kube.go:175.16,178.3 2 0
github.com/arryved/app-ctrl/worker/gke/kube.go:179.2,180.16 2 0
github.com/arryved/app-ctrl/worker/gke/kube.go:180.16,182.3 1 0
github.com/arryved/app-ctrl/worker/gke/kube.go:183.2,183.23 1 0
github.com/arryved/app-ctrl/worker/gke/kube.go:186.70,193.16 4 0
github.com/arryved/app-ctrl/worker/gke/kube.go:193.16,195.3 1 0
github.com/arryved/app-ctrl/worker/gke/kube.go:198.2,198.48 1 0
github.com/arryved/app-ctrl/worker/gke/kube.go:198.48,200.3 1 0
github.com/arryved/app-ctrl/worker/gke/kube.go:201.2,202.9 2 0
github.com/arryved/app-ctrl/worker/gke/kube.go:202.9,204.3 1 0
github.com/arryved/app-ctrl/worker/gke/kube.go:206.2,208.16 3 0
github.com/arryved/app-ctrl/worker/gke/kube.go:208.16,210.3 1 0
github.com/arryved/app-ctrl/worker/gke/kube.go:211.2,211.25 1 0
github.com/arryved/app-ctrl/worker/config/config.go:36.32,37.28 1 1
github.com/arryved/app-ctrl/worker/config/config.go:37.28,39.3 1 1
github.com/arryved/app-ctrl/worker/config/config.go:40.2,40.31 1 1
github.com/arryved/app-ctrl/worker/config/config.go:40.31,42.3 1 1
github.com/arryved/app-ctrl/worker/config/config.go:43.2,43.32 1 1
github.com/arryved/app-ctrl/worker/config/config.go:43.32,45.3 1 1
github.com/arryved/app-ctrl/worker/config/config.go:46.2,46.22 1 1
github.com/arryved/app-ctrl/worker/config/config.go:46.22,48.3 1 0
github.com/arryved/app-ctrl/worker/config/config.go:49.2,49.28 1 1
github.com/arryved/app-ctrl/worker/config/config.go:49.28,51.3 1 0
github.com/arryved/app-ctrl/worker/config/config.go:52.2,52.26 1 1
github.com/arryved/app-ctrl/worker/config/config.go:52.26,54.3 1 1
github.com/arryved/app-ctrl/worker/config/config.go:55.2,55.35 1 1
github.com/arryved/app-ctrl/worker/config/config.go:55.35,57.3 1 1
github.com/arryved/app-ctrl/worker/config/config.go:58.2,58.28 1 1
github.com/arryved/app-ctrl/worker/config/config.go:62.46,64.16 2 1
github.com/arryved/app-ctrl/worker/config/config.go:64.16,67.3 2 0
github.com/arryved/app-ctrl/worker/config/config.go:69.2,70.16 2 1
github.com/arryved/app-ctrl/worker/config/config.go:70.16,73.3 2 0
github.com/arryved/app-ctrl/worker/config/config.go:75.2,75.60 1 1
github.com/arryved/app-ctrl/worker/config/config.go:80.38,87.2 4 1
github.com/arryved/app-ctrl/worker/gke/kube.go:25.59,28.16 2 1
github.com/arryved/app-ctrl/worker/gke/kube.go:28.16,30.3 1 0
github.com/arryved/app-ctrl/worker/gke/kube.go:31.2,34.29 3 1
github.com/arryved/app-ctrl/worker/gke/kube.go:34.29,36.49 2 1
github.com/arryved/app-ctrl/worker/gke/kube.go:36.49,39.18 2 1
github.com/arryved/app-ctrl/worker/gke/kube.go:39.18,43.5 3 0
github.com/arryved/app-ctrl/worker/gke/kube.go:45.4,49.18 5 1
github.com/arryved/app-ctrl/worker/gke/kube.go:49.18,53.5 3 0
github.com/arryved/app-ctrl/worker/gke/kube.go:54.4,55.59 2 1
github.com/arryved/app-ctrl/worker/gke/kube.go:55.59,57.5 1 1
github.com/arryved/app-ctrl/worker/gke/kube.go:60.2,61.19 2 1
github.com/arryved/app-ctrl/worker/gke/kube.go:64.80,69.16 3 1
github.com/arryved/app-ctrl/worker/gke/kube.go:69.16,73.3 3 0
github.com/arryved/app-ctrl/worker/gke/kube.go:74.2,83.16 6 1
github.com/arryved/app-ctrl/worker/gke/kube.go:83.16,85.49 2 0
github.com/arryved/app-ctrl/worker/gke/kube.go:85.49,89.18 3 0
github.com/arryved/app-ctrl/worker/gke/kube.go:89.18,91.5 1 0
github.com/arryved/app-ctrl/worker/gke/kube.go:92.4,92.72 1 0
github.com/arryved/app-ctrl/worker/gke/kube.go:93.9,97.4 3 0
github.com/arryved/app-ctrl/worker/gke/kube.go:98.8,102.17 3 1
github.com/arryved/app-ctrl/worker/gke/kube.go:102.17,106.4 3 0
github.com/arryved/app-ctrl/worker/gke/kube.go:107.3,112.17 5 1
github.com/arryved/app-ctrl/worker/gke/kube.go:112.17,116.4 3 0
github.com/arryved/app-ctrl/worker/gke/kube.go:117.3,117.86 1 1
github.com/arryved/app-ctrl/worker/gke/kube.go:121.2,128.6 6 1
github.com/arryved/app-ctrl/worker/gke/kube.go:128.6,129.10 1 1
github.com/arryved/app-ctrl/worker/gke/kube.go:130.21,133.14 3 0
github.com/arryved/app-ctrl/worker/gke/kube.go:134.19,136.18 2 1
github.com/arryved/app-ctrl/worker/gke/kube.go:136.18,140.5 3 0
github.com/arryved/app-ctrl/worker/gke/kube.go:141.4,141.21 1 1
github.com/arryved/app-ctrl/worker/gke/kube.go:141.21,144.5 2 1
github.com/arryved/app-ctrl/worker/gke/kube.go:145.4,145.56 1 0
github.com/arryved/app-ctrl/worker/gke/kube.go:150.93,155.16 3 1
github.com/arryved/app-ctrl/worker/gke/kube.go:155.16,157.3 1 0
github.com/arryved/app-ctrl/worker/gke/kube.go:158.2,161.39 3 1
github.com/arryved/app-ctrl/worker/gke/kube.go:161.39,164.61 3 1
github.com/arryved/app-ctrl/worker/gke/kube.go:164.61,166.4 1 0
github.com/arryved/app-ctrl/worker/gke/kube.go:168.2,168.19 1 1
github.com/arryved/app-ctrl/worker/gke/kube.go:171.76,175.16 2 1
github.com/arryved/app-ctrl/worker/gke/kube.go:175.16,178.3 2 0
github.com/arryved/app-ctrl/worker/gke/kube.go:179.2,180.16 2 1
github.com/arryved/app-ctrl/worker/gke/kube.go:180.16,182.3 1 0
github.com/arryved/app-ctrl/worker/gke/kube.go:183.2,183.23 1 1
github.com/arryved/app-ctrl/worker/gke/kube.go:186.70,193.16 4 1
github.com/arryved/app-ctrl/worker/gke/kube.go:193.16,195.3 1 0
github.com/arryved/app-ctrl/worker/gke/kube.go:198.2,198.48 1 1
github.com/arryved/app-ctrl/worker/gke/kube.go:198.48,200.3 1 1
github.com/arryved/app-ctrl/worker/gke/kube.go:201.2,202.9 2 0
github.com/arryved/app-ctrl/worker/gke/kube.go:202.9,204.3 1 0
github.com/arryved/app-ctrl/worker/gke/kube.go:206.2,208.16 3 0
github.com/arryved/app-ctrl/worker/gke/kube.go:208.16,210.3 1 0
github.com/arryved/app-ctrl/worker/gke/kube.go:211.2,211.25 1 0
github.com/arryved/app-ctrl/worker/worker/worker.go:40.26,42.43 2 0
github.com/arryved/app-ctrl/worker/worker/worker.go:42.43,45.13 3 0
github.com/arryved/app-ctrl/worker/worker/worker.go:45.13,46.8 1 0
github.com/arryved/app-ctrl/worker/worker/worker.go:46.8,49.19 3 0
github.com/arryved/app-ctrl/worker/worker/worker.go:49.19,52.14 3 0
github.com/arryved/app-ctrl/worker/worker/worker.go:54.5,54.21 1 0
github.com/arryved/app-ctrl/worker/worker/worker.go:54.21,57.14 3 0
github.com/arryved/app-ctrl/worker/worker/worker.go:59.5,62.19 4 0
github.com/arryved/app-ctrl/worker/worker/worker.go:62.19,64.6 1 0
github.com/arryved/app-ctrl/worker/worker/worker.go:65.5,66.32 2 0
github.com/arryved/app-ctrl/worker/worker/worker.go:70.2,70.11 1 0
github.com/arryved/app-ctrl/worker/worker/worker.go:73.65,74.20 1 1
github.com/arryved/app-ctrl/worker/worker/worker.go:75.16,78.33 3 1
github.com/arryved/app-ctrl/worker/worker/worker.go:80.10,83.30 3 0
github.com/arryved/app-ctrl/worker/worker/worker.go:87.71,89.17 2 1
github.com/arryved/app-ctrl/worker/worker/worker.go:90.13,92.36 2 0
github.com/arryved/app-ctrl/worker/worker/worker.go:93.13,95.36 2 1
github.com/arryved/app-ctrl/worker/worker/worker.go:96.10,98.18 2 0
github.com/arryved/app-ctrl/worker/worker/worker.go:102.74,108.2 2 0
github.com/arryved/app-ctrl/worker/worker/worker.go:110.91,116.16 5 1
github.com/arryved/app-ctrl/worker/worker/worker.go:116.16,119.3 2 0
github.com/arryved/app-ctrl/worker/worker/worker.go:120.2,126.6 5 1
github.com/arryved/app-ctrl/worker/worker/worker.go:126.6,128.27 2 1
github.com/arryved/app-ctrl/worker/worker/worker.go:128.27,129.9 1 1
github.com/arryved/app-ctrl/worker/worker/worker.go:131.3,131.17 1 1
github.com/arryved/app-ctrl/worker/worker/worker.go:131.17,134.4 2 0
github.com/arryved/app-ctrl/worker/worker/worker.go:136.3,137.17 2 1
github.com/arryved/app-ctrl/worker/worker/worker.go:137.17,140.4 2 0
github.com/arryved/app-ctrl/worker/worker/worker.go:143.3,143.14 1 1
github.com/arryved/app-ctrl/worker/worker/worker.go:143.14,144.24 1 1
github.com/arryved/app-ctrl/worker/worker/worker.go:144.24,147.5 2 1
github.com/arryved/app-ctrl/worker/worker/worker.go:147.10,148.34 1 0
github.com/arryved/app-ctrl/worker/worker/worker.go:148.34,151.6 2 0
github.com/arryved/app-ctrl/worker/worker/worker.go:157.2,158.16 2 1
github.com/arryved/app-ctrl/worker/worker/worker.go:158.16,161.3 2 0
github.com/arryved/app-ctrl/worker/worker/worker.go:162.2,164.16 3 1
github.com/arryved/app-ctrl/worker/worker/worker.go:164.16,167.3 2 0
github.com/arryved/app-ctrl/worker/worker/worker.go:168.2,168.18 1 1
github.com/arryved/app-ctrl/worker/worker/worker.go:171.60,173.16 2 1
github.com/arryved/app-ctrl/worker/worker/worker.go:173.16,176.3 2 0
github.com/arryved/app-ctrl/worker/worker/worker.go:177.2,179.16 3 1
github.com/arryved/app-ctrl/worker/worker/worker.go:179.16,182.3 2 0
github.com/arryved/app-ctrl/worker/worker/worker.go:183.2,183.22 1 1
github.com/arryved/app-ctrl/worker/worker/worker.go:186.66,188.16 2 1
github.com/arryved/app-ctrl/worker/worker/worker.go:188.16,191.3 2 0
github.com/arryved/app-ctrl/worker/worker/worker.go:192.2,193.6 2 1
github.com/arryved/app-ctrl/worker/worker/worker.go:193.6,196.20 2 1
github.com/arryved/app-ctrl/worker/worker/worker.go:196.20,197.9 1 1
github.com/arryved/app-ctrl/worker/worker/worker.go:199.3,199.17 1 1
github.com/arryved/app-ctrl/worker/worker/worker.go:199.17,202.4 2 0
github.com/arryved/app-ctrl/worker/worker/worker.go:205.3,206.39 2 1
github.com/arryved/app-ctrl/worker/worker/worker.go:206.39,208.18 2 1
github.com/arryved/app-ctrl/worker/worker/worker.go:208.18,211.5 2 0
github.com/arryved/app-ctrl/worker/worker/worker.go:212.4,212.12 1 1
github.com/arryved/app-ctrl/worker/worker/worker.go:214.3,215.17 2 1
github.com/arryved/app-ctrl/worker/worker/worker.go:215.17,218.4 2 0
github.com/arryved/app-ctrl/worker/worker/worker.go:221.3,222.17 2 1
github.com/arryved/app-ctrl/worker/worker/worker.go:222.17,225.4 2 0
github.com/arryved/app-ctrl/worker/worker/worker.go:228.3,229.17 2 1
github.com/arryved/app-ctrl/worker/worker/worker.go:229.17,232.4 2 0
github.com/arryved/app-ctrl/worker/worker/worker.go:234.2,234.21 1 1
github.com/arryved/app-ctrl/worker/worker/worker.go:237.70,239.16 2 1
github.com/arryved/app-ctrl/worker/worker/worker.go:239.16,242.3 2 0
github.com/arryved/app-ctrl/worker/worker/worker.go:243.2,245.16 3 1
github.com/arryved/app-ctrl/worker/worker/worker.go:245.16,247.3 1 0
github.com/arryved/app-ctrl/worker/worker/worker.go:248.2,248.21 1 1
github.com/arryved/app-ctrl/worker/worker/worker.go:251.53,253.16 2 1
github.com/arryved/app-ctrl/worker/worker/worker.go:253.16,255.3 1 0
github.com/arryved/app-ctrl/worker/worker/worker.go:256.2,256.12 1 1
github.com/arryved/app-ctrl/worker/worker/worker.go:259.96,264.16 2 1
github.com/arryved/app-ctrl/worker/worker/worker.go:264.16,268.3 3 0
github.com/arryved/app-ctrl/worker/worker/worker.go:270.2,272.16 3 1
github.com/arryved/app-ctrl/worker/worker/worker.go:272.16,276.3 3 0
github.com/arryved/app-ctrl/worker/worker/worker.go:277.2,281.16 3 1
github.com/arryved/app-ctrl/worker/worker/worker.go:281.16,285.3 3 0
github.com/arryved/app-ctrl/worker/worker/worker.go:286.2,292.64 5 1
github.com/arryved/app-ctrl/worker/worker/worker.go:295.74,306.16 5 1
github.com/arryved/app-ctrl/worker/worker/worker.go:306.16,309.3 2 0
github.com/arryved/app-ctrl/worker/worker/worker.go:312.2,313.16 2 1
github.com/arryved/app-ctrl/worker/worker/worker.go:313.16,316.3 2 0
github.com/arryved/app-ctrl/worker/worker/worker.go:317.2,325.16 7 1
github.com/arryved/app-ctrl/worker/worker/worker.go:325.16,327.3 1 0
github.com/arryved/app-ctrl/worker/worker/worker.go:329.2,329.16 1 1
github.com/arryved/app-ctrl/worker/worker/worker.go:329.16,333.3 3 1
github.com/arryved/app-ctrl/worker/worker/worker.go:333.8,338.3 3 0
github.com/arryved/app-ctrl/worker/worker/worker.go:339.2,340.21 2 1
github.com/arryved/app-ctrl/worker/worker/worker.go:343.61,349.2 2 1
